
3-31 14:17:51:0 [main] Initialize Log
3-31 14:17:51:0 [main] Content length: -1
3-31 14:17:51:0 [main] Content length: 34
3-31 14:17:51:0 [main] request: {"type":2,"action":0,"max":0}@>>>@
3-31 14:17:51:2 [request] basic_string::_M_create
3-31 14:17:51:0 [request] Executing Posts action

3-31 14:18:5:0 [main] Initialize Log
3-31 14:18:5:0 [main] Content length: -1
3-31 14:18:5:0 [main] Content length: 34
3-31 14:18:5:0 [main] request: {"type":2,"action":0,"max":0}@>>>@
3-31 14:18:5:2 [request] basic_string::_M_create
3-31 14:18:5:0 [request] Executing Posts action

3-31 14:22:4:0 [main] Initialize Log
3-31 14:22:4:0 [main] Content length: -1
3-31 14:22:4:0 [main] Content length: 34
3-31 14:22:4:0 [main] request: {"type":2,"action":0,"max":0}@>>>@
3-31 14:22:4:2 [request] basic_string::_M_create
3-31 14:22:4:0 [request] Executing Posts action

3-31 14:26:16:0 [main] Initialize Log
3-31 14:26:16:0 [main] Content length: -1
3-31 14:26:16:0 [main] Content length: 34
3-31 14:26:16:0 [main] request: {"type":2,"action":0,"max":0}@>>>@
3-31 14:26:16:2 [request] basic_string::_M_create
3-31 14:26:16:0 [request] Executing Posts action

3-31 14:29:45:0 [main] Initialize Log
3-31 14:29:45:0 [main] Content length: -1
3-31 14:29:45:0 [main] Content length: 34
3-31 14:29:45:0 [main] request: {"type":2,"action":0,"max":0}@>>>@
3-31 14:29:45:2 [request] basic_string::_M_create
3-31 14:29:45:0 [request] Executing Posts action
