
3-31 17:7:39:0 [main] Initialize Log
3-31 17:7:39:0 [main] Content length: -1
3-31 17:7:39:0 [main] Content length: 48
3-31 17:7:39:0 [main] request: {"type":3,"action":0,"id":"20190330010039"}@>>>@
3-31 17:7:39:2 [request] basic_string::_M_create
3-31 17:7:39:0 [request] Executing BlogPost action
3-31 17:7:39:0 [blogpost] Fetching blog: /home/manish/git/chtml/json/blogpost_20190330010039.json

3-31 17:8:6:0 [main] Initialize Log
3-31 17:8:6:0 [main] Content length: -1
3-31 17:8:6:0 [main] Content length: 48
3-31 17:8:6:0 [main] request: {"type":3,"action":0,"id":"20190330010039"}@>>>@
3-31 17:8:6:2 [request] basic_string::_M_create
3-31 17:8:6:0 [request] Executing BlogPost action
3-31 17:8:6:0 [blogpost] Fetching blog: /home/manish/git/chtml/json/blogpost_20190330010039.json

3-31 17:8:15:0 [main] Initialize Log
3-31 17:8:15:0 [main] Content length: -1
3-31 17:8:15:0 [main] Content length: 48
3-31 17:8:15:0 [main] request: {"type":3,"action":0,"id":"20190330010039"}@>>>@
3-31 17:8:15:2 [request] basic_string::_M_create
3-31 17:8:15:0 [request] Executing BlogPost action
3-31 17:8:15:0 [blogpost] Fetching blog: /home/manish/git/chtml/json/blogpost_20190330010039.json

3-31 17:9:16:0 [main] Initialize Log
3-31 17:9:16:0 [main] Content length: -1
3-31 17:9:16:0 [main] Content length: 48
3-31 17:9:16:0 [main] request: {"type":3,"action":0,"id":"20190330010039"}@>>>@
3-31 17:9:16:2 [request] basic_string::_M_create
3-31 17:9:16:0 [request] Executing BlogPost action
3-31 17:9:16:0 [blogpost] Fetching blog: /home/manish/git/chtml/json/blogpost_20190330010039.json

3-31 17:10:43:0 [main] Initialize Log
3-31 17:10:43:0 [main] Content length: -1
3-31 17:10:43:0 [main] Content length: 48
3-31 17:10:43:0 [main] request: {"type":3,"action":0,"id":"20190330010039"}@>>>@
3-31 17:10:43:2 [request] basic_string::_M_create
3-31 17:10:43:0 [request] Executing BlogPost action
3-31 17:10:43:0 [blogpost] Fetching blog: /home/manish/git/chtml/json/blogpost_20190330010039.json

3-31 17:11:12:0 [main] Initialize Log
3-31 17:11:12:0 [main] Content length: -1
3-31 17:11:12:0 [main] Content length: 48
3-31 17:11:12:0 [main] request: {"type":3,"action":0,"id":"20190330010039"}@>>>@
3-31 17:11:12:2 [request] basic_string::_M_create
3-31 17:11:12:0 [request] Executing BlogPost action
3-31 17:11:12:0 [blogpost] Fetching blog: /home/manish/git/chtml/json/blogpost_20190330010039.json

3-31 17:11:24:0 [main] Initialize Log
3-31 17:11:24:0 [main] Content length: -1
3-31 17:11:24:0 [main] Content length: 48
3-31 17:11:24:0 [main] request: {"type":3,"action":0,"id":"20190330010039"}@>>>@
3-31 17:11:24:2 [request] basic_string::_M_create
3-31 17:11:24:0 [request] Executing BlogPost action
3-31 17:11:24:0 [blogpost] Fetching blog: /home/manish/git/chtml/json/blogpost_20190330010039.json

3-31 17:11:50:0 [main] Initialize Log
3-31 17:11:50:0 [main] Content length: -1
3-31 17:11:50:0 [main] Content length: 48
3-31 17:11:50:0 [main] request: {"type":3,"action":0,"id":"20190330010039"}@>>>@
3-31 17:11:50:2 [request] basic_string::_M_create
3-31 17:11:50:0 [request] Executing BlogPost action
3-31 17:11:50:0 [blogpost] Fetching blog: /home/manish/git/chtml/json/blogpost_20190330010039.json

3-31 17:12:8:0 [main] Initialize Log
3-31 17:12:8:0 [main] Content length: -1
3-31 17:12:8:0 [main] Content length: 48
3-31 17:12:8:0 [main] request: {"type":3,"action":0,"id":"20190330010039"}@>>>@
3-31 17:12:8:2 [request] basic_string::_M_create
3-31 17:12:8:0 [request] Executing BlogPost action
3-31 17:12:8:0 [blogpost] Fetching blog: /home/manish/git/chtml/json/blogpost_20190330010039.json

3-31 17:14:52:0 [main] Initialize Log
3-31 17:14:52:0 [main] Content length: -1
3-31 17:14:52:0 [main] Content length: 48
3-31 17:14:52:0 [main] request: {"type":3,"action":0,"id":"20190330010039"}@>>>@
3-31 17:14:52:2 [request] basic_string::_M_create
3-31 17:14:52:0 [request] Executing BlogPost action
3-31 17:14:52:0 [blogpost] Fetching blog: /home/manish/git/chtml/json/blogpost_20190330010039.json

3-31 17:29:25:0 [main] Initialize Log
3-31 17:29:25:0 [main] Content length: -1
3-31 17:29:25:0 [main] Content length: 48
3-31 17:29:25:0 [main] request: {"type":3,"action":0,"id":"20190330010039"}@>>>@
3-31 17:29:25:2 [request] basic_string::_M_create
3-31 17:29:25:0 [request] Executing BlogPost action
3-31 17:29:25:0 [blogpost] Fetching blog: /home/manish/git/chtml/json/blogpost_20190330010039.json

3-31 17:29:37:0 [main] Initialize Log
3-31 17:29:37:0 [main] Content length: -1
3-31 17:29:37:0 [main] Content length: 48
3-31 17:29:37:0 [main] request: {"type":3,"action":0,"id":"20190330010039"}@>>>@
3-31 17:29:37:2 [request] basic_string::_M_create
3-31 17:29:37:0 [request] Executing BlogPost action
3-31 17:29:37:0 [blogpost] Fetching blog: /home/manish/git/chtml/json/blogpost_20190330010039.json

3-31 17:30:56:0 [main] Initialize Log
3-31 17:30:56:0 [main] Content length: -1
3-31 17:30:56:0 [main] Content length: 48
3-31 17:30:56:0 [main] request: {"type":3,"action":0,"id":"20190330010039"}@>>>@
3-31 17:30:56:2 [request] basic_string::_M_create
3-31 17:30:56:0 [request] Executing BlogPost action
3-31 17:30:56:0 [blogpost] Fetching blog: /home/manish/git/chtml/json/blogpost_20190330010039.json

3-31 17:31:3:0 [main] Initialize Log
3-31 17:31:3:0 [main] Content length: -1
3-31 17:31:3:0 [main] Content length: 48
3-31 17:31:3:0 [main] request: {"type":3,"action":0,"id":"20190330010039"}@>>>@
3-31 17:31:3:2 [request] basic_string::_M_create
3-31 17:31:3:0 [request] Executing BlogPost action
3-31 17:31:3:0 [blogpost] Fetching blog: /home/manish/git/chtml/json/blogpost_20190330010039.json

3-31 17:32:35:0 [main] Initialize Log
3-31 17:32:35:0 [main] Content length: -1
3-31 17:32:35:0 [main] Content length: 48
3-31 17:32:35:0 [main] request: {"type":3,"action":0,"id":"20190330010039"}@>>>@
3-31 17:32:35:2 [request] basic_string::_M_create
3-31 17:32:35:0 [request] Executing BlogPost action
3-31 17:32:35:0 [blogpost] Fetching blog: /home/manish/git/chtml/json/blogpost_20190330010039.json

3-31 17:49:11:0 [main] Initialize Log
3-31 17:49:11:0 [main] Content length: -1
3-31 17:49:11:0 [main] Content length: 48
3-31 17:49:11:0 [main] request: {"type":3,"action":0,"id":"20190330010039"}@>>>@
3-31 17:49:11:2 [request] basic_string::_M_create
3-31 17:49:11:0 [request] Executing BlogPost action
3-31 17:49:11:0 [blogpost] Fetching blog: /home/manish/git/chtml/json/blogpost_20190330010039.json
