
3-31 7:38:21:0 [main] Initialize Log
3-31 7:38:21:0 [main] Content length: -1
3-31 7:38:21:0 [main] Content length: 34
3-31 7:38:21:0 [main] request: {"type":2,"action":0,"max":3}@>>>@
3-31 7:38:21:2 [request] basic_string::_M_create
3-31 7:38:21:0 [request] Executing Posts action

3-31 7:38:26:0 [main] Initialize Log
3-31 7:38:26:0 [main] Content length: -1
3-31 7:38:26:0 [main] Content length: 34
3-31 7:38:26:0 [main] request: {"type":2,"action":0,"max":3}@>>>@
3-31 7:38:26:2 [request] basic_string::_M_create
3-31 7:38:26:0 [request] Executing Posts action

3-31 7:38:36:0 [main] Initialize Log
3-31 7:38:36:0 [main] Content length: -1
3-31 7:38:36:0 [main] Content length: 34
3-31 7:38:36:0 [main] request: {"type":2,"action":0,"max":3}@>>>@
3-31 7:38:36:2 [request] basic_string::_M_create
3-31 7:38:36:0 [request] Executing Posts action

3-31 7:39:20:0 [main] Initialize Log
3-31 7:39:20:0 [main] Content length: -1
3-31 7:39:20:0 [main] Content length: 34
3-31 7:39:20:0 [main] request: {"type":2,"action":0,"max":3}@>>>@
3-31 7:39:20:2 [request] basic_string::_M_create
3-31 7:39:20:0 [request] Executing Posts action

3-31 7:39:42:0 [main] Initialize Log
3-31 7:39:42:0 [main] Content length: -1
3-31 7:39:42:0 [main] Content length: 34
3-31 7:39:42:0 [main] request: {"type":2,"action":0,"max":3}@>>>@
3-31 7:39:42:2 [request] basic_string::_M_create
3-31 7:39:42:0 [request] Executing Posts action

3-31 7:40:36:0 [main] Initialize Log
3-31 7:40:36:0 [main] Content length: -1
3-31 7:40:36:0 [main] Content length: 34
3-31 7:40:36:0 [main] request: {"type":2,"action":0,"max":3}@>>>@
3-31 7:40:36:2 [request] basic_string::_M_create
3-31 7:40:36:0 [request] Executing Posts action

3-31 7:40:43:0 [main] Initialize Log
3-31 7:40:43:0 [main] Content length: -1
3-31 7:40:43:0 [main] Content length: 34
3-31 7:40:43:0 [main] request: {"type":2,"action":0,"max":3}@>>>@
3-31 7:40:43:2 [request] basic_string::_M_create
3-31 7:40:43:0 [request] Executing Posts action

3-31 7:42:14:0 [main] Initialize Log
3-31 7:42:14:0 [main] Content length: -1
3-31 7:42:14:0 [main] Content length: 34
3-31 7:42:14:0 [main] request: {"type":2,"action":0,"max":3}@>>>@
3-31 7:42:14:2 [request] basic_string::_M_create
3-31 7:42:14:0 [request] Executing Posts action

3-31 7:42:20:0 [main] Initialize Log
3-31 7:42:20:0 [main] Content length: -1
3-31 7:42:20:0 [main] Content length: 34
3-31 7:42:20:0 [main] request: {"type":2,"action":0,"max":3}@>>>@
3-31 7:42:20:2 [request] basic_string::_M_create
3-31 7:42:20:0 [request] Executing Posts action

3-31 7:42:25:0 [main] Initialize Log
3-31 7:42:25:0 [main] Content length: -1
3-31 7:42:25:0 [main] Content length: 34
3-31 7:42:25:0 [main] request: {"type":2,"action":0,"max":3}@>>>@
3-31 7:42:25:2 [request] basic_string::_M_create
3-31 7:42:25:0 [request] Executing Posts action
