
3-31 9:33:15:0 [main] Initialize Log
3-31 9:33:15:0 [main] Content length: -1
3-31 9:33:15:0 [main] Content length: 34
3-31 9:33:15:0 [main] request: {"type":2,"action":0,"max":3}@>>>@
3-31 9:33:15:2 [request] basic_string::_M_create
3-31 9:33:15:0 [request] Executing Posts action

3-31 9:33:32:0 [main] Initialize Log
3-31 9:33:32:0 [main] Content length: -1
3-31 9:33:32:0 [main] Content length: 34
3-31 9:33:32:0 [main] request: {"type":2,"action":0,"max":3}@>>>@
3-31 9:33:32:2 [request] basic_string::_M_create
3-31 9:33:32:0 [request] Executing Posts action

3-31 9:33:39:0 [main] Initialize Log
3-31 9:33:39:0 [main] Content length: -1
3-31 9:33:39:0 [main] Content length: 34
3-31 9:33:39:0 [main] request: {"type":2,"action":0,"max":3}@>>>@
3-31 9:33:39:2 [request] basic_string::_M_create
3-31 9:33:39:0 [request] Executing Posts action

3-31 9:33:49:0 [main] Initialize Log
3-31 9:33:49:0 [main] Content length: -1
3-31 9:33:49:0 [main] Content length: 34
3-31 9:33:49:0 [main] request: {"type":2,"action":0,"max":3}@>>>@
3-31 9:33:49:2 [request] basic_string::_M_create
3-31 9:33:49:0 [request] Executing Posts action

3-31 9:34:11:0 [main] Initialize Log
3-31 9:34:11:0 [main] Content length: -1
3-31 9:34:11:0 [main] Content length: 34
3-31 9:34:11:0 [main] request: {"type":2,"action":0,"max":3}@>>>@
3-31 9:34:11:2 [request] basic_string::_M_create
3-31 9:34:11:0 [request] Executing Posts action

3-31 9:36:17:0 [main] Initialize Log
3-31 9:36:17:0 [main] Content length: -1
3-31 9:36:17:0 [main] Content length: 34
3-31 9:36:17:0 [main] request: {"type":2,"action":0,"max":3}@>>>@
3-31 9:36:17:2 [request] basic_string::_M_create
3-31 9:36:17:0 [request] Executing Posts action

3-31 9:36:42:0 [main] Initialize Log
3-31 9:36:42:0 [main] Content length: -1
3-31 9:36:42:0 [main] Content length: 34
3-31 9:36:42:0 [main] request: {"type":2,"action":0,"max":3}@>>>@
3-31 9:36:42:2 [request] basic_string::_M_create
3-31 9:36:42:0 [request] Executing Posts action

3-31 9:38:53:0 [main] Initialize Log
3-31 9:38:53:0 [main] Content length: -1
3-31 9:38:53:0 [main] Content length: 34
3-31 9:38:53:0 [main] request: {"type":2,"action":0,"max":3}@>>>@
3-31 9:38:53:2 [request] basic_string::_M_create
3-31 9:38:53:0 [request] Executing Posts action

3-31 9:39:2:0 [main] Initialize Log
3-31 9:39:2:0 [main] Content length: -1
3-31 9:39:2:0 [main] Content length: 34
3-31 9:39:2:0 [main] request: {"type":2,"action":0,"max":3}@>>>@
3-31 9:39:2:2 [request] basic_string::_M_create
3-31 9:39:2:0 [request] Executing Posts action

3-31 9:39:17:0 [main] Initialize Log
3-31 9:39:17:0 [main] Content length: -1
3-31 9:39:17:0 [main] Content length: 34
3-31 9:39:17:0 [main] request: {"type":2,"action":0,"max":3}@>>>@
3-31 9:39:17:2 [request] basic_string::_M_create
3-31 9:39:17:0 [request] Executing Posts action

3-31 9:39:27:0 [main] Initialize Log
3-31 9:39:27:0 [main] Content length: -1
3-31 9:39:27:0 [main] Content length: 34
3-31 9:39:27:0 [main] request: {"type":2,"action":0,"max":3}@>>>@
3-31 9:39:27:2 [request] basic_string::_M_create
3-31 9:39:27:0 [request] Executing Posts action
