
3-31 16:15:4:0 [main] Initialize Log
3-31 16:15:4:0 [main] Content length: -1
3-31 16:15:4:0 [main] Content length: 48
3-31 16:15:4:0 [main] request: {"type":3,"action":0,"id":"20190330010039"}@>>>@
3-31 16:15:4:2 [request] basic_string::_M_create
3-31 16:15:4:0 [request] Executing BlogPost action

3-31 16:16:13:0 [main] Initialize Log
3-31 16:16:13:0 [main] Content length: -1
3-31 16:16:13:0 [main] Content length: 48
3-31 16:16:13:0 [main] request: {"type":3,"action":0,"id":"20190330010039"}@>>>@
3-31 16:16:13:2 [request] basic_string::_M_create
3-31 16:16:13:0 [request] Executing BlogPost action

3-31 16:19:35:0 [main] Initialize Log
3-31 16:19:35:0 [main] Content length: -1
3-31 16:19:35:0 [main] Content length: 48
3-31 16:19:35:0 [main] request: {"type":3,"action":0,"id":"20190330010039"}@>>>@
3-31 16:19:35:2 [request] basic_string::_M_create
3-31 16:19:35:0 [request] Executing BlogPost action

3-31 16:19:43:0 [main] Initialize Log
3-31 16:19:43:0 [main] Content length: -1
3-31 16:19:43:0 [main] Content length: 48
3-31 16:19:43:0 [main] request: {"type":3,"action":0,"id":"20190330010039"}@>>>@
3-31 16:19:43:2 [request] basic_string::_M_create
3-31 16:19:43:0 [request] Executing BlogPost action

3-31 16:23:48:0 [main] Initialize Log
3-31 16:23:48:0 [main] Content length: -1
3-31 16:23:48:0 [main] Content length: 48
3-31 16:23:48:0 [main] request: {"type":3,"action":0,"id":"20190330010039"}@>>>@
3-31 16:23:48:2 [request] basic_string::_M_create
3-31 16:23:48:0 [request] Executing BlogPost action
3-31 16:23:48:0 [blogpost] Fetching blog: /home/manish/git/chtml/json/blogpost_20190330010039.json

3-31 16:25:44:0 [main] Initialize Log
3-31 16:25:44:0 [main] Content length: -1
3-31 16:25:44:0 [main] Content length: 48
3-31 16:25:44:0 [main] request: {"type":3,"action":0,"id":"20190330010039"}@>>>@
3-31 16:25:44:2 [request] basic_string::_M_create
3-31 16:25:44:0 [request] Executing BlogPost action
3-31 16:25:44:0 [blogpost] Fetching blog: /home/manish/git/chtml/json/blogpost_20190330010039.json

3-31 16:26:55:0 [main] Initialize Log
3-31 16:26:55:0 [main] Content length: -1
3-31 16:26:55:0 [main] Content length: 48
3-31 16:26:55:0 [main] request: {"type":3,"action":0,"id":"20190330010039"}@>>>@
3-31 16:26:55:2 [request] basic_string::_M_create
3-31 16:26:55:0 [request] Executing BlogPost action
3-31 16:26:55:0 [blogpost] Fetching blog: /home/manish/git/chtml/json/blogpost_20190330010039.json

3-31 16:27:24:0 [main] Initialize Log
3-31 16:27:24:0 [main] Content length: -1
3-31 16:27:24:0 [main] Content length: 48
3-31 16:27:24:0 [main] request: {"type":3,"action":0,"id":"20190330010039"}@>>>@
3-31 16:27:24:2 [request] basic_string::_M_create
3-31 16:27:24:0 [request] Executing BlogPost action
3-31 16:27:24:0 [blogpost] Fetching blog: /home/manish/git/chtml/json/blogpost_20190330010039.json

3-31 16:27:55:0 [main] Initialize Log
3-31 16:27:55:0 [main] Content length: -1
3-31 16:27:55:0 [main] Content length: 48
3-31 16:27:55:0 [main] request: {"type":3,"action":0,"id":"20190330010039"}@>>>@
3-31 16:27:55:2 [request] basic_string::_M_create
3-31 16:27:55:0 [request] Executing BlogPost action
3-31 16:27:55:0 [blogpost] Fetching blog: /home/manish/git/chtml/json/blogpost_20190330010039.json

3-31 16:28:36:0 [main] Initialize Log
3-31 16:28:36:0 [main] Content length: -1
3-31 16:28:36:0 [main] Content length: 48
3-31 16:28:36:0 [main] request: {"type":3,"action":0,"id":"20190330010039"}@>>>@
3-31 16:28:36:2 [request] basic_string::_M_create
3-31 16:28:36:0 [request] Executing BlogPost action
3-31 16:28:36:0 [blogpost] Fetching blog: /home/manish/git/chtml/json/blogpost_20190330010039.json

3-31 16:29:14:0 [main] Initialize Log
3-31 16:29:14:0 [main] Content length: -1
3-31 16:29:14:0 [main] Content length: 48
3-31 16:29:14:0 [main] request: {"type":3,"action":0,"id":"20190330010039"}@>>>@
3-31 16:29:14:2 [request] basic_string::_M_create
3-31 16:29:14:0 [request] Executing BlogPost action
3-31 16:29:14:0 [blogpost] Fetching blog: /home/manish/git/chtml/json/blogpost_20190330010039.json

3-31 16:31:41:0 [main] Initialize Log
3-31 16:31:41:0 [main] Content length: -1
3-31 16:31:41:0 [main] Content length: 48
3-31 16:31:41:0 [main] request: {"type":3,"action":0,"id":"20190330010039"}@>>>@
3-31 16:31:41:2 [request] basic_string::_M_create
3-31 16:31:41:0 [request] Executing BlogPost action
3-31 16:31:41:0 [blogpost] Fetching blog: /home/manish/git/chtml/json/blogpost_20190330010039.json

3-31 16:36:15:0 [main] Initialize Log
3-31 16:36:15:0 [main] Content length: -1
3-31 16:36:15:0 [main] Content length: 48
3-31 16:36:15:0 [main] request: {"type":3,"action":0,"id":"20190330010039"}@>>>@
3-31 16:36:15:2 [request] basic_string::_M_create
3-31 16:36:15:0 [request] Executing BlogPost action
3-31 16:36:15:0 [blogpost] Fetching blog: /home/manish/git/chtml/json/blogpost_20190330010039.json

3-31 16:36:23:0 [main] Initialize Log
3-31 16:36:23:0 [main] Content length: -1
3-31 16:36:23:0 [main] Content length: 48
3-31 16:36:23:0 [main] request: {"type":3,"action":0,"id":"20190330010039"}@>>>@
3-31 16:36:23:2 [request] basic_string::_M_create
3-31 16:36:23:0 [request] Executing BlogPost action
3-31 16:36:23:0 [blogpost] Fetching blog: /home/manish/git/chtml/json/blogpost_20190330010039.json

3-31 16:36:59:0 [main] Initialize Log
3-31 16:36:59:0 [main] Content length: -1
3-31 16:36:59:0 [main] Content length: 48
3-31 16:36:59:0 [main] request: {"type":3,"action":0,"id":"20190330010039"}@>>>@
3-31 16:36:59:2 [request] basic_string::_M_create
3-31 16:36:59:0 [request] Executing BlogPost action
3-31 16:36:59:0 [blogpost] Fetching blog: /home/manish/git/chtml/json/blogpost_20190330010039.json

3-31 16:37:17:0 [main] Initialize Log
3-31 16:37:17:0 [main] Content length: -1
3-31 16:37:17:0 [main] Content length: 48
3-31 16:37:17:0 [main] request: {"type":3,"action":0,"id":"20190330010039"}@>>>@
3-31 16:37:17:2 [request] basic_string::_M_create
3-31 16:37:17:0 [request] Executing BlogPost action
3-31 16:37:17:0 [blogpost] Fetching blog: /home/manish/git/chtml/json/blogpost_20190330010039.json
