
3-29 23:18:53:0 [main] Initialize Log
3-29 23:18:53:0 [main] Content length: -1
3-29 23:18:53:0 [main] Content length: 509
3-29 23:18:53:0 [main] request: {
    "type":2,
    "file":"posts.json",
    "action":1
}
@>>>@
{
    "title": "Corrected - SQLite - API",
    "dtPost": "09 March, 2018",
    "author": "unknown",
    "para":"The library helps serialize or deserialize a C++ class using SQLite in

3-29 23:19:2:0 [main] Initialize Log
3-29 23:19:2:0 [main] Content length: -1
3-29 23:19:2:0 [main] Content length: 36
3-29 23:19:2:0 [main] request: {"type":2,"action":0,"file":""}@>>>@
3-29 23:19:2:2 [request] basic_string::_M_create

3-29 23:49:30:0 [main] Initialize Log
3-29 23:49:30:0 [main] Content length: -1
3-29 23:49:30:0 [main] Content length: 36
3-29 23:49:30:0 [main] request: {"type":2,"action":0,"file":""}@>>>@
3-29 23:49:30:2 [request] basic_string::_M_create

3-29 23:49:37:0 [main] Initialize Log
3-29 23:49:37:0 [main] Content length: -1
3-29 23:49:37:0 [main] Content length: 36
3-29 23:49:37:0 [main] request: {"type":2,"action":0,"file":""}@>>>@
3-29 23:49:37:2 [request] basic_string::_M_create

3-29 23:49:51:0 [main] Initialize Log
3-29 23:49:51:0 [main] Content length: -1
3-29 23:49:51:0 [main] Content length: 34
3-29 23:49:51:0 [main] request: {"type":2,"action":0,"max":3}@>>>@
3-29 23:49:51:2 [request] basic_string::_M_create
