
3-28 16:54:58:0 [main] Initialize Log
3-28 16:54:58:0 [main] Content length: -1

3-28 16:54:58:0 [main] Initialize Log
3-28 16:54:58:0 [main] Content length: -1
3-28 16:54:58:0 [main] Content length: 31
3-28 16:54:58:0 [main] request: °ŸJ
3-28 16:54:58:2 [request] Ill-formed header1.

3-28 16:56:15:0 [main] Initialize Log
3-28 16:56:15:0 [main] Content length: -1

3-28 16:56:15:0 [main] Initialize Log
3-28 16:56:15:0 [main] Content length: -1
3-28 16:56:15:0 [main] Content length: 31
3-28 16:56:15:0 [main] request: {"type":2,"action":0,"file":""}
3-28 16:56:15:2 [request] Ill-formed header1.

3-28 16:57:9:0 [main] Initialize Log
3-28 16:57:9:0 [main] Content length: -1

3-28 16:57:48:0 [main] Initialize Log
3-28 16:57:48:0 [main] Content length: -1
3-28 16:57:48:0 [main] Content length: 36
3-28 16:57:48:0 [main] request: {"type":2,"action":0,"file":""}@>>>@
3-28 16:57:48:2 [request] basic_string::_M_create
