
4-1 8:38:8:0 [main] Initialize Log
4-1 8:38:8:0 [main] Content length: -1
4-1 8:38:8:0 [main] Content length: 34
4-1 8:38:8:0 [main] request: {"type":2,"action":0,"max":3}@>>>@
4-1 8:38:8:2 [request] basic_string::_M_create
4-1 8:38:8:0 [request] Executing Posts action

4-1 8:38:9:0 [main] Initialize Log
4-1 8:38:9:0 [main] Content length: -1
4-1 8:38:9:0 [main] Content length: 34
4-1 8:38:9:0 [main] request: {"type":2,"action":0,"max":3}@>>>@
4-1 8:38:9:2 [request] basic_string::_M_create
4-1 8:38:9:0 [request] Executing Posts action

4-1 8:38:11:0 [main] Initialize Log
4-1 8:38:11:0 [main] Content length: -1
4-1 8:38:11:0 [main] Content length: 34
4-1 8:38:11:0 [main] request: {"type":2,"action":0,"max":3}@>>>@
4-1 8:38:11:2 [request] basic_string::_M_create
4-1 8:38:11:0 [request] Executing Posts action

4-1 8:48:26:0 [main] Initialize Log
4-1 8:48:26:0 [main] Content length: -1
4-1 8:48:26:0 [main] Content length: 34
4-1 8:48:26:0 [main] request: {"type":2,"action":0,"max":3}@>>>@
4-1 8:48:26:2 [request] basic_string::_M_create
4-1 8:48:26:0 [request] Executing Posts action

4-1 8:48:28:0 [main] Initialize Log
4-1 8:48:28:0 [main] Content length: -1
4-1 8:48:28:0 [main] Content length: 34
4-1 8:48:28:0 [main] request: {"type":2,"action":0,"max":3}@>>>@
4-1 8:48:28:2 [request] basic_string::_M_create
4-1 8:48:28:0 [request] Executing Posts action

4-1 8:48:33:0 [main] Initialize Log
4-1 8:48:33:0 [main] Content length: -1
4-1 8:48:33:0 [main] Content length: 34
4-1 8:48:33:0 [main] request: {"type":2,"action":0,"max":0}@>>>@
4-1 8:48:33:2 [request] basic_string::_M_create
4-1 8:48:33:0 [request] Executing Posts action

4-1 8:49:33:0 [main] Initialize Log
4-1 8:49:33:0 [main] Content length: -1
4-1 8:49:33:0 [main] Content length: 34
4-1 8:49:33:0 [main] request: {"type":2,"action":0,"max":0}@>>>@
4-1 8:49:33:2 [request] basic_string::_M_create
4-1 8:49:33:0 [request] Executing Posts action

4-1 8:49:34:0 [main] Initialize Log
4-1 8:49:34:0 [main] Content length: -1
4-1 8:49:34:0 [main] Content length: 34
4-1 8:49:34:0 [main] request: {"type":2,"action":0,"max":3}@>>>@
4-1 8:49:34:2 [request] basic_string::_M_create
4-1 8:49:34:0 [request] Executing Posts action

4-1 8:50:23:0 [main] Initialize Log
4-1 8:50:23:0 [main] Content length: -1
4-1 8:50:23:0 [main] Content length: 48
4-1 8:50:23:0 [main] request: {"type":3,"action":0,"id":"20190330010039"}@>>>@
4-1 8:50:23:2 [request] basic_string::_M_create
4-1 8:50:23:0 [request] Executing BlogPost action
4-1 8:50:23:0 [blogpost] Fetching blog: /home/manish/git/chtml/json/blogpost_20190330010039.json

4-1 8:52:24:0 [main] Initialize Log
4-1 8:52:24:0 [main] Content length: -1
4-1 8:52:24:0 [main] Content length: 48
4-1 8:52:24:0 [main] request: {"type":3,"action":0,"id":"20190330010039"}@>>>@
4-1 8:52:24:2 [request] basic_string::_M_create
4-1 8:52:24:0 [request] Executing BlogPost action
4-1 8:52:24:0 [blogpost] Fetching blog: /home/manish/git/chtml/json/blogpost_20190330010039.json

4-1 8:52:24:0 [main] Initialize Log
4-1 8:52:24:0 [main] Content length: -1
4-1 8:52:24:0 [main] Content length: 34
4-1 8:52:24:0 [main] request: {"type":2,"action":0,"max":3}@>>>@
4-1 8:52:24:2 [request] basic_string::_M_create
4-1 8:52:24:0 [request] Executing Posts action

4-1 8:54:18:0 [main] Initialize Log
4-1 8:54:18:0 [main] Content length: -1
4-1 8:54:18:0 [main] Content length: 48
4-1 8:54:18:0 [main] request: {"type":3,"action":0,"id":"20190330010039"}@>>>@
4-1 8:54:18:2 [request] basic_string::_M_create
4-1 8:54:18:0 [request] Executing BlogPost action
4-1 8:54:18:0 [blogpost] Fetching blog: /home/manish/git/chtml/json/blogpost_20190330010039.json

4-1 8:54:18:0 [main] Initialize Log
4-1 8:54:18:0 [main] Content length: -1
4-1 8:54:18:0 [main] Content length: 34
4-1 8:54:18:0 [main] request: {"type":2,"action":0,"max":3}@>>>@
4-1 8:54:18:2 [request] basic_string::_M_create
4-1 8:54:18:0 [request] Executing Posts action

4-1 8:54:26:0 [main] Initialize Log
4-1 8:54:26:0 [main] Content length: -1
4-1 8:54:26:0 [main] Content length: 34
4-1 8:54:26:0 [main] request: {"type":2,"action":0,"max":3}@>>>@
4-1 8:54:26:2 [request] basic_string::_M_create
4-1 8:54:26:0 [request] Executing Posts action

4-1 8:54:55:0 [main] Initialize Log
4-1 8:54:55:0 [main] Content length: -1
4-1 8:54:55:0 [main] Content length: 34
4-1 8:54:55:0 [main] request: {"type":2,"action":0,"max":3}@>>>@
4-1 8:54:55:2 [request] basic_string::_M_create
4-1 8:54:55:0 [request] Executing Posts action

4-1 8:54:56:0 [main] Initialize Log
4-1 8:54:56:0 [main] Content length: -1
4-1 8:54:56:0 [main] Content length: 34
4-1 8:54:56:0 [main] request: {"type":2,"action":0,"max":3}@>>>@
4-1 8:54:56:2 [request] basic_string::_M_create
4-1 8:54:56:0 [request] Executing Posts action

4-1 8:55:0:0 [main] Initialize Log
4-1 8:55:0:0 [main] Content length: -1
4-1 8:55:0:0 [main] Content length: 48
4-1 8:55:0:0 [main] request: {"type":3,"action":0,"id":"20190330010039"}@>>>@
4-1 8:55:0:2 [request] basic_string::_M_create
4-1 8:55:0:0 [request] Executing BlogPost action
4-1 8:55:0:0 [blogpost] Fetching blog: /home/manish/git/chtml/json/blogpost_20190330010039.json

4-1 8:55:11:0 [main] Initialize Log
4-1 8:55:11:0 [main] Content length: -1
4-1 8:55:11:0 [main] Content length: 34
4-1 8:55:11:0 [main] request: {"type":2,"action":0,"max":0}@>>>@
4-1 8:55:11:2 [request] basic_string::_M_create
4-1 8:55:11:0 [request] Executing Posts action

4-1 8:55:19:0 [main] Initialize Log
4-1 8:55:19:0 [main] Content length: -1
4-1 8:55:19:0 [main] Content length: 34
4-1 8:55:19:0 [main] request: {"type":2,"action":0,"max":3}@>>>@
4-1 8:55:19:2 [request] basic_string::_M_create
4-1 8:55:19:0 [request] Executing Posts action

4-1 8:56:35:0 [main] Initialize Log
4-1 8:56:35:0 [main] Content length: -1
4-1 8:56:35:0 [main] Content length: 34
4-1 8:56:35:0 [main] request: {"type":2,"action":0,"max":0}@>>>@
4-1 8:56:35:2 [request] basic_string::_M_create
4-1 8:56:35:0 [request] Executing Posts action

4-1 8:56:39:0 [main] Initialize Log
4-1 8:56:39:0 [main] Content length: -1
4-1 8:56:39:0 [main] Content length: 48
4-1 8:56:39:0 [main] request: {"type":3,"action":0,"id":"20190330010039"}@>>>@
4-1 8:56:39:2 [request] basic_string::_M_create
4-1 8:56:39:0 [request] Executing BlogPost action
4-1 8:56:39:0 [blogpost] Fetching blog: /home/manish/git/chtml/json/blogpost_20190330010039.json
