
4-1 9:0:44:0 [main] Initialize Log
4-1 9:0:44:0 [main] Content length: -1
4-1 9:0:44:0 [main] Content length: 48
4-1 9:0:44:0 [main] request: {"type":3,"action":0,"id":"20190330010039"}@>>>@
4-1 9:0:44:2 [request] basic_string::_M_create
4-1 9:0:44:0 [request] Executing BlogPost action
4-1 9:0:44:0 [blogpost] Fetching blog: /home/manish/git/chtml/json/blogpost_20190330010039.json

4-1 9:0:44:0 [main] Initialize Log
4-1 9:0:44:0 [main] Content length: -1
4-1 9:0:44:0 [main] Content length: 34
4-1 9:0:44:0 [main] request: {"type":2,"action":0,"max":3}@>>>@
4-1 9:0:44:2 [request] basic_string::_M_create
4-1 9:0:44:0 [request] Executing Posts action

4-1 9:0:57:0 [main] Initialize Log
4-1 9:0:57:0 [main] Content length: -1
4-1 9:0:57:0 [main] Content length: 48
4-1 9:0:57:0 [main] request: {"type":3,"action":0,"id":"20190330010039"}@>>>@
4-1 9:0:57:2 [request] basic_string::_M_create
4-1 9:0:57:0 [request] Executing BlogPost action
4-1 9:0:57:0 [blogpost] Fetching blog: /home/manish/git/chtml/json/blogpost_20190330010039.json

4-1 9:0:58:0 [main] Initialize Log
4-1 9:0:58:0 [main] Content length: -1
4-1 9:0:58:0 [main] Content length: 34
4-1 9:0:58:0 [main] request: {"type":2,"action":0,"max":3}@>>>@
4-1 9:0:58:2 [request] basic_string::_M_create
4-1 9:0:58:0 [request] Executing Posts action

4-1 9:2:45:0 [main] Initialize Log
4-1 9:2:45:0 [main] Content length: -1
4-1 9:2:45:0 [main] Content length: 48
4-1 9:2:45:0 [main] request: {"type":3,"action":0,"id":"20190330010039"}@>>>@
4-1 9:2:45:2 [request] basic_string::_M_create
4-1 9:2:45:0 [request] Executing BlogPost action
4-1 9:2:45:0 [blogpost] Fetching blog: /home/manish/git/chtml/json/blogpost_20190330010039.json

4-1 9:2:53:0 [main] Initialize Log
4-1 9:2:53:0 [main] Content length: -1
4-1 9:2:53:0 [main] Content length: 34
4-1 9:2:53:0 [main] request: {"type":2,"action":0,"max":3}@>>>@
4-1 9:2:53:2 [request] basic_string::_M_create
4-1 9:2:53:0 [request] Executing Posts action

4-1 9:3:38:0 [main] Initialize Log
4-1 9:3:38:0 [main] Content length: -1
4-1 9:3:38:0 [main] Content length: 48
4-1 9:3:38:0 [main] request: {"type":3,"action":0,"id":"20190330010039"}@>>>@
4-1 9:3:38:2 [request] basic_string::_M_create
4-1 9:3:38:0 [request] Executing BlogPost action
4-1 9:3:38:0 [blogpost] Fetching blog: /home/manish/git/chtml/json/blogpost_20190330010039.json

4-1 9:4:31:0 [main] Initialize Log
4-1 9:4:31:0 [main] Content length: -1
4-1 9:4:31:0 [main] Content length: 34
4-1 9:4:31:0 [main] request: {"type":2,"action":0,"max":3}@>>>@
4-1 9:4:31:2 [request] basic_string::_M_create
4-1 9:4:31:0 [request] Executing Posts action

4-1 9:5:30:0 [main] Initialize Log
4-1 9:5:30:0 [main] Content length: -1
4-1 9:5:30:0 [main] Content length: 48
4-1 9:5:30:0 [main] request: {"type":3,"action":0,"id":"20190330010039"}@>>>@
4-1 9:5:30:2 [request] basic_string::_M_create
4-1 9:5:30:0 [request] Executing BlogPost action
4-1 9:5:30:0 [blogpost] Fetching blog: /home/manish/git/chtml/json/blogpost_20190330010039.json

4-1 9:5:33:0 [main] Initialize Log
4-1 9:5:33:0 [main] Content length: -1
4-1 9:5:33:0 [main] Content length: 48
4-1 9:5:33:0 [main] request: {"type":3,"action":0,"id":"20190330010039"}@>>>@
4-1 9:5:33:2 [request] basic_string::_M_create
4-1 9:5:33:0 [request] Executing BlogPost action
4-1 9:5:33:0 [blogpost] Fetching blog: /home/manish/git/chtml/json/blogpost_20190330010039.json

4-1 9:5:36:0 [main] Initialize Log
4-1 9:5:36:0 [main] Content length: -1
4-1 9:5:36:0 [main] Content length: 34
4-1 9:5:36:0 [main] request: {"type":2,"action":0,"max":3}@>>>@
4-1 9:5:36:2 [request] basic_string::_M_create
4-1 9:5:36:0 [request] Executing Posts action

4-1 9:6:43:0 [main] Initialize Log
4-1 9:6:43:0 [main] Content length: -1
4-1 9:6:43:0 [main] Content length: 48
4-1 9:6:43:0 [main] request: {"type":3,"action":0,"id":"20190330010039"}@>>>@
4-1 9:6:43:2 [request] basic_string::_M_create
4-1 9:6:43:0 [request] Executing BlogPost action
4-1 9:6:43:0 [blogpost] Fetching blog: /home/manish/git/chtml/json/blogpost_20190330010039.json

4-1 9:7:13:0 [main] Initialize Log
4-1 9:7:13:0 [main] Content length: -1
4-1 9:7:13:0 [main] Content length: 34
4-1 9:7:13:0 [main] request: {"type":2,"action":0,"max":3}@>>>@
4-1 9:7:13:2 [request] basic_string::_M_create
4-1 9:7:13:0 [request] Executing Posts action

4-1 9:7:19:0 [main] Initialize Log
4-1 9:7:19:0 [main] Content length: -1
4-1 9:7:19:0 [main] Content length: 48
4-1 9:7:19:0 [main] request: {"type":3,"action":0,"id":"20190330010039"}@>>>@
4-1 9:7:19:2 [request] basic_string::_M_create
4-1 9:7:19:0 [request] Executing BlogPost action
4-1 9:7:19:0 [blogpost] Fetching blog: /home/manish/git/chtml/json/blogpost_20190330010039.json

4-1 9:9:27:0 [main] Initialize Log
4-1 9:9:27:0 [main] Content length: -1
4-1 9:9:27:0 [main] Content length: 34
4-1 9:9:27:0 [main] request: {"type":2,"action":0,"max":3}@>>>@
4-1 9:9:27:2 [request] basic_string::_M_create
4-1 9:9:27:0 [request] Executing Posts action

4-1 9:9:30:0 [main] Initialize Log
4-1 9:9:30:0 [main] Content length: -1
4-1 9:9:30:0 [main] Content length: 34
4-1 9:9:30:0 [main] request: {"type":2,"action":0,"max":0}@>>>@
4-1 9:9:30:2 [request] basic_string::_M_create
4-1 9:9:30:0 [request] Executing Posts action

4-1 9:9:33:0 [main] Initialize Log
4-1 9:9:33:0 [main] Content length: -1
4-1 9:9:33:0 [main] Content length: 48
4-1 9:9:33:0 [main] request: {"type":3,"action":0,"id":"20190330010039"}@>>>@
4-1 9:9:33:2 [request] basic_string::_M_create
4-1 9:9:33:0 [request] Executing BlogPost action
4-1 9:9:33:0 [blogpost] Fetching blog: /home/manish/git/chtml/json/blogpost_20190330010039.json

4-1 9:11:38:0 [main] Initialize Log
4-1 9:11:38:0 [main] Content length: -1
4-1 9:11:38:0 [main] Content length: 48
4-1 9:11:38:0 [main] request: {"type":3,"action":0,"id":"20190330010039"}@>>>@
4-1 9:11:38:2 [request] basic_string::_M_create
4-1 9:11:38:0 [request] Executing BlogPost action
4-1 9:11:38:0 [blogpost] Fetching blog: /home/manish/git/chtml/json/blogpost_20190330010039.json

4-1 9:11:40:0 [main] Initialize Log
4-1 9:11:40:0 [main] Content length: -1
4-1 9:11:40:0 [main] Content length: 34
4-1 9:11:40:0 [main] request: {"type":2,"action":0,"max":3}@>>>@
4-1 9:11:40:2 [request] basic_string::_M_create
4-1 9:11:40:0 [request] Executing Posts action

4-1 9:11:51:0 [main] Initialize Log
4-1 9:11:51:0 [main] Content length: -1
4-1 9:11:51:0 [main] Content length: 121
4-1 9:11:51:0 [main] request: {"type":3,"action":1,"id":"20190330010039"}@>>>@{"name":"Manish Verma","email":"manish@drake.in","comment":"hello world"}
4-1 9:11:51:0 [request] Executing BlogPost action
4-1 9:11:51:0 [blogpost] postId: 20190330010039
