
3-28 17:0:28:0 [main] Initialize Log
3-28 17:0:28:0 [main] Content length: -1
3-28 17:0:28:0 [main] Content length: 63
3-28 17:0:28:0 [main] request: {
    "type":2,
    "file":"posts.json",
    "action":0
}
@>>>@
3-28 17:0:28:2 [request] basic_string::_M_create

3-28 17:1:46:0 [main] Initialize Log
3-28 17:1:46:0 [main] Content length: -1
3-28 17:1:46:0 [main] Content length: 36
3-28 17:1:46:0 [main] request: {"type":2,"action":0,"file":""}@>>>@
3-28 17:1:46:2 [request] basic_string::_M_create

3-28 17:2:35:0 [main] Initialize Log
3-28 17:2:35:0 [main] Content length: -1
3-28 17:2:35:0 [main] Content length: 36
3-28 17:2:35:0 [main] request: {"type":2,"action":0,"file":""}@>>>@
3-28 17:2:35:2 [request] basic_string::_M_create

3-28 17:4:42:0 [main] Initialize Log
3-28 17:4:42:0 [main] Content length: -1
3-28 17:4:42:0 [main] Content length: 36
3-28 17:4:42:0 [main] request: {"type":2,"action":0,"file":""}@>>>@
3-28 17:4:42:2 [request] basic_string::_M_create

3-28 17:5:8:0 [main] Initialize Log
3-28 17:5:8:0 [main] Content length: -1
3-28 17:5:8:0 [main] Content length: 36
3-28 17:5:8:0 [main] request: {"type":2,"action":0,"file":""}@>>>@
3-28 17:5:8:2 [request] basic_string::_M_create
