
3-29 21:18:54:0 [main] Initialize Log
3-29 21:18:54:0 [main] Content length: -1
3-29 21:18:54:0 [main] Content length: 36
3-29 21:18:54:0 [main] request: {"type":2,"action":0,"file":""}@>>>@
3-29 21:18:54:2 [request] basic_string::_M_create

3-29 21:19:38:0 [main] Initialize Log
3-29 21:19:38:0 [main] Content length: -1
3-29 21:19:38:0 [main] Content length: 509
3-29 21:19:38:0 [main] request: {
    "type":2,
    "file":"posts.json",
    "action":1
}
@>>>@
{
    "title": "Corrected - SQLite - API",
    "dtPost": "09 March, 2018",
    "author": "unknown",
    "para":"The library helps serialize or deserialize a C++ class using SQLite in

3-29 21:19:45:0 [main] Initialize Log
3-29 21:19:45:0 [main] Content length: -1
3-29 21:19:45:0 [main] Content length: 36
3-29 21:19:45:0 [main] request: {"type":2,"action":0,"file":""}@>>>@
3-29 21:19:45:2 [request] basic_string::_M_create

3-29 21:20:8:0 [main] Initialize Log
3-29 21:20:8:0 [main] Content length: -1
3-29 21:20:8:0 [main] Content length: 509
3-29 21:20:8:0 [main] request: {
    "type":2,
    "file":"posts.json",
    "action":1
}
@>>>@
{
    "title": "Corrected - SQLite - API",
    "dtPost": "09 March, 2018",
    "author": "unknown",
    "para":"The library helps serialize or deserialize a C++ class using SQLite in

3-29 21:20:14:0 [main] Initialize Log
3-29 21:20:14:0 [main] Content length: -1
3-29 21:20:14:0 [main] Content length: 36
3-29 21:20:14:0 [main] request: {"type":2,"action":0,"file":""}@>>>@
3-29 21:20:14:2 [request] basic_string::_M_create
