
3-31 19:18:19:0 [main] Initialize Log
3-31 19:18:19:0 [main] Content length: -1
3-31 19:18:19:0 [main] Content length: 48
3-31 19:18:19:0 [main] request: {"type":3,"action":0,"id":"20190330010039"}@>>>@
3-31 19:18:19:2 [request] basic_string::_M_create
3-31 19:18:19:0 [request] Executing BlogPost action
3-31 19:18:19:0 [blogpost] Fetching blog: /home/manish/git/chtml/json/blogpost_20190330010039.json

3-31 19:52:27:0 [main] Initialize Log
3-31 19:52:27:0 [main] Content length: -1
3-31 19:52:27:0 [main] Content length: 48
3-31 19:52:27:0 [main] request: {"type":3,"action":0,"id":"20190330010039"}@>>>@
3-31 19:52:27:2 [request] basic_string::_M_create
3-31 19:52:27:0 [request] Executing BlogPost action
3-31 19:52:27:0 [blogpost] Fetching blog: /home/manish/git/chtml/json/blogpost_20190330010039.json

3-31 19:52:37:0 [main] Initialize Log
3-31 19:52:37:0 [main] Content length: -1
3-31 19:52:37:0 [main] Content length: 48
3-31 19:52:37:0 [main] request: {"type":3,"action":0,"id":"20190330010039"}@>>>@
3-31 19:52:37:2 [request] basic_string::_M_create
3-31 19:52:37:0 [request] Executing BlogPost action
3-31 19:52:37:0 [blogpost] Fetching blog: /home/manish/git/chtml/json/blogpost_20190330010039.json

3-31 19:52:54:0 [main] Initialize Log
3-31 19:52:54:0 [main] Content length: -1
3-31 19:52:54:0 [main] Content length: 48
3-31 19:52:54:0 [main] request: {"type":3,"action":0,"id":"20190330010039"}@>>>@
3-31 19:52:54:2 [request] basic_string::_M_create
3-31 19:52:54:0 [request] Executing BlogPost action
3-31 19:52:54:0 [blogpost] Fetching blog: /home/manish/git/chtml/json/blogpost_20190330010039.json

3-31 19:53:23:0 [main] Initialize Log
3-31 19:53:23:0 [main] Content length: -1
3-31 19:53:23:0 [main] Content length: 34
3-31 19:53:23:0 [main] request: {"type":2,"action":0,"max":3}@>>>@
3-31 19:53:23:2 [request] basic_string::_M_create
3-31 19:53:23:0 [request] Executing Posts action

3-31 19:53:28:0 [main] Initialize Log
3-31 19:53:28:0 [main] Content length: -1
3-31 19:53:28:0 [main] Content length: 34
3-31 19:53:28:0 [main] request: {"type":2,"action":0,"max":0}@>>>@
3-31 19:53:28:2 [request] basic_string::_M_create
3-31 19:53:28:0 [request] Executing Posts action

3-31 19:53:33:0 [main] Initialize Log
3-31 19:53:33:0 [main] Content length: -1
3-31 19:53:33:0 [main] Content length: 48
3-31 19:53:33:0 [main] request: {"type":3,"action":0,"id":"20190330010039"}@>>>@
3-31 19:53:33:2 [request] basic_string::_M_create
3-31 19:53:33:0 [request] Executing BlogPost action
3-31 19:53:33:0 [blogpost] Fetching blog: /home/manish/git/chtml/json/blogpost_20190330010039.json

3-31 19:55:8:0 [main] Initialize Log
3-31 19:55:8:0 [main] Content length: -1
3-31 19:55:8:0 [main] Content length: 48
3-31 19:55:8:0 [main] request: {"type":3,"action":0,"id":"20190330010039"}@>>>@
3-31 19:55:8:2 [request] basic_string::_M_create
3-31 19:55:8:0 [request] Executing BlogPost action
3-31 19:55:8:0 [blogpost] Fetching blog: /home/manish/git/chtml/json/blogpost_20190330010039.json

3-31 19:55:9:0 [main] Initialize Log
3-31 19:55:9:0 [main] Content length: -1
3-31 19:55:9:0 [main] Content length: 48
3-31 19:55:9:0 [main] request: {"type":3,"action":0,"id":"20190330010039"}@>>>@
3-31 19:55:9:2 [request] basic_string::_M_create
3-31 19:55:9:0 [request] Executing BlogPost action
3-31 19:55:9:0 [blogpost] Fetching blog: /home/manish/git/chtml/json/blogpost_20190330010039.json

3-31 19:55:31:0 [main] Initialize Log
3-31 19:55:31:0 [main] Content length: -1
3-31 19:55:31:0 [main] Content length: 48
3-31 19:55:31:0 [main] request: {"type":3,"action":0,"id":"20190330010039"}@>>>@
3-31 19:55:31:2 [request] basic_string::_M_create
3-31 19:55:31:0 [request] Executing BlogPost action
3-31 19:55:31:0 [blogpost] Fetching blog: /home/manish/git/chtml/json/blogpost_20190330010039.json

3-31 19:55:32:0 [main] Initialize Log
3-31 19:55:32:0 [main] Content length: -1
3-31 19:55:32:0 [main] Content length: 48
3-31 19:55:32:0 [main] request: {"type":3,"action":0,"id":"20190330010039"}@>>>@
3-31 19:55:32:2 [request] basic_string::_M_create
3-31 19:55:32:0 [request] Executing BlogPost action
3-31 19:55:32:0 [blogpost] Fetching blog: /home/manish/git/chtml/json/blogpost_20190330010039.json

3-31 19:56:0:0 [main] Initialize Log
3-31 19:56:0:0 [main] Content length: -1
3-31 19:56:0:0 [main] Content length: 48
3-31 19:56:0:0 [main] request: {"type":3,"action":0,"id":"20190330010039"}@>>>@
3-31 19:56:0:2 [request] basic_string::_M_create
3-31 19:56:0:0 [request] Executing BlogPost action
3-31 19:56:0:0 [blogpost] Fetching blog: /home/manish/git/chtml/json/blogpost_20190330010039.json

3-31 19:56:1:0 [main] Initialize Log
3-31 19:56:1:0 [main] Content length: -1
3-31 19:56:1:0 [main] Content length: 48
3-31 19:56:1:0 [main] request: {"type":3,"action":0,"id":"20190330010039"}@>>>@
3-31 19:56:1:2 [request] basic_string::_M_create
3-31 19:56:1:0 [request] Executing BlogPost action
3-31 19:56:1:0 [blogpost] Fetching blog: /home/manish/git/chtml/json/blogpost_20190330010039.json
