
3-31 20:0:24:0 [main] Initialize Log
3-31 20:0:24:0 [main] Content length: -1
3-31 20:0:24:0 [main] Content length: 48
3-31 20:0:24:0 [main] request: {"type":3,"action":0,"id":"20190330010039"}@>>>@
3-31 20:0:24:2 [request] basic_string::_M_create
3-31 20:0:24:0 [request] Executing BlogPost action
3-31 20:0:24:0 [blogpost] Fetching blog: /home/manish/git/chtml/json/blogpost_20190330010039.json

3-31 20:0:24:0 [main] Initialize Log
3-31 20:0:24:0 [main] Content length: -1
3-31 20:0:24:0 [main] Content length: 48
3-31 20:0:24:0 [main] request: {"type":3,"action":0,"id":"20190330010039"}@>>>@
3-31 20:0:24:2 [request] basic_string::_M_create
3-31 20:0:24:0 [request] Executing BlogPost action
3-31 20:0:24:0 [blogpost] Fetching blog: /home/manish/git/chtml/json/blogpost_20190330010039.json

3-31 20:11:56:0 [main] Initialize Log
3-31 20:11:56:0 [main] Content length: -1
3-31 20:11:56:0 [main] Content length: 48
3-31 20:11:56:0 [main] request: {"type":3,"action":0,"id":"20190330010039"}@>>>@
3-31 20:11:56:2 [request] basic_string::_M_create
3-31 20:11:56:0 [request] Executing BlogPost action
3-31 20:11:56:0 [blogpost] Fetching blog: /home/manish/git/chtml/json/blogpost_20190330010039.json

3-31 20:14:35:0 [main] Initialize Log
3-31 20:14:35:0 [main] Content length: -1
3-31 20:14:35:0 [main] Content length: 34
3-31 20:14:35:0 [main] request: {"type":2,"action":0,"max":3}@>>>@
3-31 20:14:35:2 [request] basic_string::_M_create
3-31 20:14:35:0 [request] Executing Posts action

3-31 20:14:45:0 [main] Initialize Log
3-31 20:14:45:0 [main] Content length: -1
3-31 20:14:45:0 [main] Content length: 34
3-31 20:14:45:0 [main] request: {"type":2,"action":0,"max":3}@>>>@
3-31 20:14:45:2 [request] basic_string::_M_create
3-31 20:14:45:0 [request] Executing Posts action

3-31 20:14:54:0 [main] Initialize Log
3-31 20:14:54:0 [main] Content length: -1
3-31 20:14:54:0 [main] Content length: 34
3-31 20:14:54:0 [main] request: {"type":2,"action":0,"max":3}@>>>@
3-31 20:14:54:2 [request] basic_string::_M_create
3-31 20:14:54:0 [request] Executing Posts action

3-31 20:14:59:0 [main] Initialize Log
3-31 20:14:59:0 [main] Content length: -1
3-31 20:14:59:0 [main] Content length: 34
3-31 20:14:59:0 [main] request: {"type":2,"action":0,"max":3}@>>>@
3-31 20:14:59:2 [request] basic_string::_M_create
3-31 20:14:59:0 [request] Executing Posts action

3-31 20:15:5:0 [main] Initialize Log
3-31 20:15:5:0 [main] Content length: -1
3-31 20:15:5:0 [main] Content length: 34
3-31 20:15:5:0 [main] request: {"type":2,"action":0,"max":3}@>>>@
3-31 20:15:5:2 [request] basic_string::_M_create
3-31 20:15:5:0 [request] Executing Posts action

3-31 20:15:9:0 [main] Initialize Log
3-31 20:15:9:0 [main] Content length: -1
3-31 20:15:9:0 [main] Content length: 34
3-31 20:15:9:0 [main] request: {"type":2,"action":0,"max":3}@>>>@
3-31 20:15:9:2 [request] basic_string::_M_create
3-31 20:15:9:0 [request] Executing Posts action

3-31 20:15:14:0 [main] Initialize Log
3-31 20:15:14:0 [main] Content length: -1
3-31 20:15:14:0 [main] Content length: 34
3-31 20:15:14:0 [main] request: {"type":2,"action":0,"max":3}@>>>@
3-31 20:15:14:2 [request] basic_string::_M_create
3-31 20:15:14:0 [request] Executing Posts action

3-31 20:15:18:0 [main] Initialize Log
3-31 20:15:18:0 [main] Content length: -1
3-31 20:15:18:0 [main] Content length: 34
3-31 20:15:18:0 [main] request: {"type":2,"action":0,"max":3}@>>>@
3-31 20:15:18:2 [request] basic_string::_M_create
3-31 20:15:18:0 [request] Executing Posts action

3-31 20:15:21:0 [main] Initialize Log
3-31 20:15:21:0 [main] Content length: -1
3-31 20:15:21:0 [main] Content length: 34
3-31 20:15:21:0 [main] request: {"type":2,"action":0,"max":3}@>>>@
3-31 20:15:21:2 [request] basic_string::_M_create
3-31 20:15:21:0 [request] Executing Posts action

3-31 20:15:25:0 [main] Initialize Log
3-31 20:15:25:0 [main] Content length: -1
3-31 20:15:25:0 [main] Content length: 34
3-31 20:15:25:0 [main] request: {"type":2,"action":0,"max":3}@>>>@
3-31 20:15:25:2 [request] basic_string::_M_create
3-31 20:15:25:0 [request] Executing Posts action

3-31 20:15:29:0 [main] Initialize Log
3-31 20:15:29:0 [main] Content length: -1
3-31 20:15:29:0 [main] Content length: 34
3-31 20:15:29:0 [main] request: {"type":2,"action":0,"max":3}@>>>@
3-31 20:15:29:2 [request] basic_string::_M_create
3-31 20:15:29:0 [request] Executing Posts action

3-31 20:15:32:0 [main] Initialize Log
3-31 20:15:32:0 [main] Content length: -1
3-31 20:15:32:0 [main] Content length: 34
3-31 20:15:32:0 [main] request: {"type":2,"action":0,"max":3}@>>>@
3-31 20:15:32:2 [request] basic_string::_M_create
3-31 20:15:32:0 [request] Executing Posts action

3-31 20:16:45:0 [main] Initialize Log
3-31 20:16:45:0 [main] Content length: -1
3-31 20:16:45:0 [main] Content length: 34
3-31 20:16:45:0 [main] request: {"type":2,"action":0,"max":0}@>>>@
3-31 20:16:45:2 [request] basic_string::_M_create
3-31 20:16:45:0 [request] Executing Posts action

3-31 20:16:53:0 [main] Initialize Log
3-31 20:16:53:0 [main] Content length: -1
3-31 20:16:53:0 [main] Content length: 48
3-31 20:16:53:0 [main] request: {"type":3,"action":0,"id":"20190330010039"}@>>>@
3-31 20:16:53:2 [request] basic_string::_M_create
3-31 20:16:53:0 [request] Executing BlogPost action
3-31 20:16:53:0 [blogpost] Fetching blog: /home/manish/git/chtml/json/blogpost_20190330010039.json

3-31 20:17:18:0 [main] Initialize Log
3-31 20:17:18:0 [main] Content length: -1
3-31 20:17:18:0 [main] Content length: 48
3-31 20:17:18:0 [main] request: {"type":3,"action":0,"id":"20190330010039"}@>>>@
3-31 20:17:18:2 [request] basic_string::_M_create
3-31 20:17:18:0 [request] Executing BlogPost action
3-31 20:17:18:0 [blogpost] Fetching blog: /home/manish/git/chtml/json/blogpost_20190330010039.json

3-31 20:17:20:0 [main] Initialize Log
3-31 20:17:20:0 [main] Content length: -1
3-31 20:17:20:0 [main] Content length: 48
3-31 20:17:20:0 [main] request: {"type":3,"action":0,"id":"20190330010039"}@>>>@
3-31 20:17:20:2 [request] basic_string::_M_create
3-31 20:17:20:0 [request] Executing BlogPost action
3-31 20:17:20:0 [blogpost] Fetching blog: /home/manish/git/chtml/json/blogpost_20190330010039.json

3-31 20:17:56:0 [main] Initialize Log
3-31 20:17:56:0 [main] Content length: -1
3-31 20:17:56:0 [main] Content length: 48
3-31 20:17:56:0 [main] request: {"type":3,"action":0,"id":"20190330010039"}@>>>@
3-31 20:17:56:2 [request] basic_string::_M_create
3-31 20:17:56:0 [request] Executing BlogPost action
3-31 20:17:56:0 [blogpost] Fetching blog: /home/manish/git/chtml/json/blogpost_20190330010039.json

3-31 20:17:57:0 [main] Initialize Log
3-31 20:17:57:0 [main] Content length: -1
3-31 20:17:57:0 [main] Content length: 48
3-31 20:17:57:0 [main] request: {"type":3,"action":0,"id":"20190330010039"}@>>>@
3-31 20:17:57:2 [request] basic_string::_M_create
3-31 20:17:57:0 [request] Executing BlogPost action
3-31 20:17:57:0 [blogpost] Fetching blog: /home/manish/git/chtml/json/blogpost_20190330010039.json

3-31 20:19:25:0 [main] Initialize Log
3-31 20:19:25:0 [main] Content length: -1
3-31 20:19:25:0 [main] Content length: 48
3-31 20:19:25:0 [main] request: {"type":3,"action":0,"id":"20190330010039"}@>>>@
3-31 20:19:25:2 [request] basic_string::_M_create
3-31 20:19:25:0 [request] Executing BlogPost action
3-31 20:19:25:0 [blogpost] Fetching blog: /home/manish/git/chtml/json/blogpost_20190330010039.json

3-31 20:22:35:0 [main] Initialize Log
3-31 20:22:35:0 [main] Content length: -1
3-31 20:22:35:0 [main] Content length: 48
3-31 20:22:35:0 [main] request: {"type":3,"action":0,"id":"20190330010039"}@>>>@
3-31 20:22:35:2 [request] basic_string::_M_create
3-31 20:22:35:0 [request] Executing BlogPost action
3-31 20:22:35:0 [blogpost] Fetching blog: /home/manish/git/chtml/json/blogpost_20190330010039.json

3-31 20:22:40:0 [main] Initialize Log
3-31 20:22:40:0 [main] Content length: -1
3-31 20:22:40:0 [main] Content length: 48
3-31 20:22:40:0 [main] request: {"type":3,"action":0,"id":"20190330010039"}@>>>@
3-31 20:22:40:2 [request] basic_string::_M_create
3-31 20:22:40:0 [request] Executing BlogPost action
3-31 20:22:40:0 [blogpost] Fetching blog: /home/manish/git/chtml/json/blogpost_20190330010039.json

3-31 20:25:40:0 [main] Initialize Log
3-31 20:25:40:0 [main] Content length: -1
3-31 20:25:40:0 [main] Content length: 48
3-31 20:25:40:0 [main] request: {"type":3,"action":0,"id":"20190330010039"}@>>>@
3-31 20:25:40:2 [request] basic_string::_M_create
3-31 20:25:40:0 [request] Executing BlogPost action
3-31 20:25:40:0 [blogpost] Fetching blog: /home/manish/git/chtml/json/blogpost_20190330010039.json

3-31 20:25:42:0 [main] Initialize Log
3-31 20:25:42:0 [main] Content length: -1
3-31 20:25:42:0 [main] Content length: 48
3-31 20:25:42:0 [main] request: {"type":3,"action":0,"id":"20190330010039"}@>>>@
3-31 20:25:42:2 [request] basic_string::_M_create
3-31 20:25:42:0 [request] Executing BlogPost action
3-31 20:25:42:0 [blogpost] Fetching blog: /home/manish/git/chtml/json/blogpost_20190330010039.json

3-31 20:30:29:0 [main] Initialize Log
3-31 20:30:29:0 [main] Content length: -1
3-31 20:30:29:0 [main] Content length: 48
3-31 20:30:29:0 [main] request: {"type":3,"action":0,"id":"20190330010039"}@>>>@
3-31 20:30:29:2 [request] basic_string::_M_create
3-31 20:30:29:0 [request] Executing BlogPost action
3-31 20:30:29:0 [blogpost] Fetching blog: /home/manish/git/chtml/json/blogpost_20190330010039.json

3-31 20:30:31:0 [main] Initialize Log
3-31 20:30:31:0 [main] Content length: -1
3-31 20:30:31:0 [main] Content length: 48
3-31 20:30:31:0 [main] request: {"type":3,"action":0,"id":"20190330010039"}@>>>@
3-31 20:30:31:2 [request] basic_string::_M_create
3-31 20:30:31:0 [request] Executing BlogPost action
3-31 20:30:31:0 [blogpost] Fetching blog: /home/manish/git/chtml/json/blogpost_20190330010039.json

3-31 20:31:22:0 [main] Initialize Log
3-31 20:31:22:0 [main] Content length: -1
3-31 20:31:22:0 [main] Content length: 48
3-31 20:31:22:0 [main] request: {"type":3,"action":0,"id":"20190330010039"}@>>>@
3-31 20:31:22:2 [request] basic_string::_M_create
3-31 20:31:22:0 [request] Executing BlogPost action
3-31 20:31:22:0 [blogpost] Fetching blog: /home/manish/git/chtml/json/blogpost_20190330010039.json

3-31 20:31:23:0 [main] Initialize Log
3-31 20:31:23:0 [main] Content length: -1
3-31 20:31:23:0 [main] Content length: 48
3-31 20:31:23:0 [main] request: {"type":3,"action":0,"id":"20190330010039"}@>>>@
3-31 20:31:23:2 [request] basic_string::_M_create
3-31 20:31:23:0 [request] Executing BlogPost action
3-31 20:31:23:0 [blogpost] Fetching blog: /home/manish/git/chtml/json/blogpost_20190330010039.json

3-31 20:34:23:0 [main] Initialize Log
3-31 20:34:23:0 [main] Content length: -1
3-31 20:34:23:0 [main] Content length: 152
3-31 20:34:23:0 [main] request: {
    "type":3,
    "action":1,
    "id":"20190330010039"
}
@>>>@
{
    "name":"Manish",
    "email":"manish@drake.in",
    "comment":"Nie article"
}   
3-31 20:34:23:0 [request] Executing BlogPost action
3-31 20:34:23:0 [blogpost] postId: 20190330010039
3-31 20:34:23:0 [blogpost] name: Manish

3-31 20:34:41:0 [main] Initialize Log
3-31 20:34:41:0 [main] Content length: -1
3-31 20:34:41:0 [main] Content length: 48
3-31 20:34:41:0 [main] request: {"type":3,"action":0,"id":"20190330010039"}@>>>@
3-31 20:34:41:2 [request] basic_string::_M_create
3-31 20:34:41:0 [request] Executing BlogPost action
3-31 20:34:41:0 [blogpost] Fetching blog: /home/manish/git/chtml/json/blogpost_20190330010039.json

3-31 20:38:6:0 [main] Initialize Log
3-31 20:38:6:0 [main] Content length: -1
3-31 20:38:6:0 [main] Content length: 48
3-31 20:38:6:0 [main] request: {"type":3,"action":0,"id":"20190330010039"}@>>>@
3-31 20:38:6:2 [request] basic_string::_M_create
3-31 20:38:6:0 [request] Executing BlogPost action
3-31 20:38:6:0 [blogpost] Fetching blog: /home/manish/git/chtml/json/blogpost_20190330010039.json

3-31 20:38:31:0 [main] Initialize Log
3-31 20:38:31:0 [main] Content length: -1
3-31 20:38:31:0 [main] Content length: 48
3-31 20:38:31:0 [main] request: {"type":3,"action":0,"id":"20190330010039"}@>>>@
3-31 20:38:31:2 [request] basic_string::_M_create
3-31 20:38:31:0 [request] Executing BlogPost action
3-31 20:38:31:0 [blogpost] Fetching blog: /home/manish/git/chtml/json/blogpost_20190330010039.json

3-31 20:44:2:0 [main] Initialize Log
3-31 20:44:2:0 [main] Content length: -1
3-31 20:44:2:0 [main] Content length: 48
3-31 20:44:2:0 [main] request: {"type":3,"action":0,"id":"20190330010039"}@>>>@
3-31 20:44:2:2 [request] basic_string::_M_create
3-31 20:44:2:0 [request] Executing BlogPost action
3-31 20:44:2:0 [blogpost] Fetching blog: /home/manish/git/chtml/json/blogpost_20190330010039.json

3-31 20:44:28:0 [main] Initialize Log
3-31 20:44:28:0 [main] Content length: -1
3-31 20:44:28:0 [main] Content length: 48
3-31 20:44:28:0 [main] request: {"type":3,"action":0,"id":"20190330010039"}@>>>@
3-31 20:44:28:2 [request] basic_string::_M_create
3-31 20:44:28:0 [request] Executing BlogPost action
3-31 20:44:28:0 [blogpost] Fetching blog: /home/manish/git/chtml/json/blogpost_20190330010039.json

3-31 20:44:39:0 [main] Initialize Log
3-31 20:44:39:0 [main] Content length: -1
3-31 20:44:39:0 [main] Content length: 48
3-31 20:44:39:0 [main] request: {"type":3,"action":0,"id":"20190330010039"}@>>>@
3-31 20:44:39:2 [request] basic_string::_M_create
3-31 20:44:39:0 [request] Executing BlogPost action
3-31 20:44:39:0 [blogpost] Fetching blog: /home/manish/git/chtml/json/blogpost_20190330010039.json
