
3-31 8:1:7:0 [main] Initialize Log
3-31 8:1:7:0 [main] Content length: -1
3-31 8:1:7:0 [main] Content length: 34
3-31 8:1:7:0 [main] request: {"type":2,"action":0,"max":3}@>>>@
3-31 8:1:7:2 [request] basic_string::_M_create
3-31 8:1:7:0 [request] Executing Posts action

3-31 8:3:50:0 [main] Initialize Log
3-31 8:3:50:0 [main] Content length: -1
3-31 8:3:50:0 [main] Content length: 34
3-31 8:3:50:0 [main] request: {"type":2,"action":0,"max":3}@>>>@
3-31 8:3:50:2 [request] basic_string::_M_create
3-31 8:3:50:0 [request] Executing Posts action

3-31 8:3:58:0 [main] Initialize Log
3-31 8:3:58:0 [main] Content length: -1
3-31 8:3:58:0 [main] Content length: 34
3-31 8:3:58:0 [main] request: {"type":2,"action":0,"max":3}@>>>@
3-31 8:3:58:2 [request] basic_string::_M_create
3-31 8:3:58:0 [request] Executing Posts action

3-31 8:6:39:0 [main] Initialize Log
3-31 8:6:39:0 [main] Content length: -1
3-31 8:6:39:0 [main] Content length: 34
3-31 8:6:39:0 [main] request: {"type":2,"action":0,"max":3}@>>>@
3-31 8:6:39:2 [request] basic_string::_M_create
3-31 8:6:39:0 [request] Executing Posts action

3-31 8:6:53:0 [main] Initialize Log
3-31 8:6:53:0 [main] Content length: -1
3-31 8:6:53:0 [main] Content length: 34
3-31 8:6:53:0 [main] request: {"type":2,"action":0,"max":3}@>>>@
3-31 8:6:53:2 [request] basic_string::_M_create
3-31 8:6:53:0 [request] Executing Posts action

3-31 8:21:24:0 [main] Initialize Log
3-31 8:21:24:0 [main] Content length: -1
3-31 8:21:24:0 [main] Content length: 34
3-31 8:21:24:0 [main] request: {"type":2,"action":0,"max":3}@>>>@
3-31 8:21:24:2 [request] basic_string::_M_create
3-31 8:21:24:0 [request] Executing Posts action

3-31 8:22:15:0 [main] Initialize Log
3-31 8:22:15:0 [main] Content length: -1
3-31 8:22:15:0 [main] Content length: 34
3-31 8:22:15:0 [main] request: {"type":2,"action":0,"max":3}@>>>@
3-31 8:22:15:2 [request] basic_string::_M_create
3-31 8:22:15:0 [request] Executing Posts action

3-31 8:22:28:0 [main] Initialize Log
3-31 8:22:28:0 [main] Content length: -1
3-31 8:22:28:0 [main] Content length: 34
3-31 8:22:28:0 [main] request: {"type":2,"action":0,"max":3}@>>>@
3-31 8:22:28:2 [request] basic_string::_M_create
3-31 8:22:28:0 [request] Executing Posts action

3-31 8:24:37:0 [main] Initialize Log
3-31 8:24:37:0 [main] Content length: -1
3-31 8:24:37:0 [main] Content length: 34
3-31 8:24:37:0 [main] request: {"type":2,"action":0,"max":3}@>>>@
3-31 8:24:37:2 [request] basic_string::_M_create
3-31 8:24:37:0 [request] Executing Posts action

3-31 8:24:52:0 [main] Initialize Log
3-31 8:24:52:0 [main] Content length: -1
3-31 8:24:52:0 [main] Content length: 34
3-31 8:24:52:0 [main] request: {"type":2,"action":0,"max":3}@>>>@
3-31 8:24:52:2 [request] basic_string::_M_create
3-31 8:24:52:0 [request] Executing Posts action

3-31 8:24:57:0 [main] Initialize Log
3-31 8:24:57:0 [main] Content length: -1
3-31 8:24:57:0 [main] Content length: 34
3-31 8:24:57:0 [main] request: {"type":2,"action":0,"max":3}@>>>@
3-31 8:24:57:2 [request] basic_string::_M_create
3-31 8:24:57:0 [request] Executing Posts action

3-31 8:25:14:0 [main] Initialize Log
3-31 8:25:14:0 [main] Content length: -1
3-31 8:25:14:0 [main] Content length: 34
3-31 8:25:14:0 [main] request: {"type":2,"action":0,"max":3}@>>>@
3-31 8:25:14:2 [request] basic_string::_M_create
3-31 8:25:14:0 [request] Executing Posts action

3-31 8:33:9:0 [main] Initialize Log
3-31 8:33:9:0 [main] Content length: -1
3-31 8:33:9:0 [main] Content length: 34
3-31 8:33:9:0 [main] request: {"type":2,"action":0,"max":3}@>>>@
3-31 8:33:9:2 [request] basic_string::_M_create
3-31 8:33:9:0 [request] Executing Posts action

3-31 8:34:16:0 [main] Initialize Log
3-31 8:34:16:0 [main] Content length: -1
3-31 8:34:16:0 [main] Content length: 34
3-31 8:34:16:0 [main] request: {"type":2,"action":0,"max":3}@>>>@
3-31 8:34:16:2 [request] basic_string::_M_create
3-31 8:34:16:0 [request] Executing Posts action

3-31 8:35:38:0 [main] Initialize Log
3-31 8:35:38:0 [main] Content length: -1
3-31 8:35:38:0 [main] Content length: 34
3-31 8:35:38:0 [main] request: {"type":2,"action":0,"max":3}@>>>@
3-31 8:35:38:2 [request] basic_string::_M_create
3-31 8:35:38:0 [request] Executing Posts action

3-31 8:36:2:0 [main] Initialize Log
3-31 8:36:2:0 [main] Content length: -1
3-31 8:36:2:0 [main] Content length: 34
3-31 8:36:2:0 [main] request: {"type":2,"action":0,"max":3}@>>>@
3-31 8:36:2:2 [request] basic_string::_M_create
3-31 8:36:2:0 [request] Executing Posts action
