
3-30 0:35:9:0 [main] Initialize Log
3-30 0:35:9:0 [main] Content length: -1
3-30 0:35:9:0 [main] Content length: 509
3-30 0:35:9:0 [main] request: {
    "type":2,
    "file":"posts.json",
    "action":1
}
@>>>@
{
    "title": "Corrected - SQLite - API",
    "dtPost": "09 March, 2018",
    "author": "unknown",
    "para":"The library helps serialize or deserialize a C++ class using SQLite in
3-30 0:35:9:0 [typeposts] New id generate:

3-30 0:36:20:0 [main] Initialize Log
3-30 0:36:20:0 [main] Content length: -1
3-30 0:36:20:0 [main] Content length: 509
3-30 0:36:20:0 [main] request: {
    "type":2,
    "file":"posts.json",
    "action":1
}
@>>>@
{
    "title": "Corrected - SQLite - API",
    "dtPost": "09 March, 2018",
    "author": "unknown",
    "para":"The library helps serialize or deserialize a C++ class using SQLite in
3-30 0:36:20:0 [typeposts] New id generate:€NdHÿ

3-30 0:37:25:0 [main] Initialize Log
3-30 0:37:25:0 [main] Content length: -1
3-30 0:37:25:0 [main] Content length: 509
3-30 0:37:25:0 [main] request: {
    "type":2,
    "file":"posts.json",
    "action":1
}
@>>>@
{
    "title": "Corrected - SQLite - API",
    "dtPost": "09 March, 2018",
    "author": "unknown",
    "para":"The library helps serialize or deserialize a C++ class using SQLite in
3-30 0:37:25:0 [typeposts] New id generate:ÀÃİş

3-30 0:38:29:0 [main] Initialize Log
3-30 0:38:29:0 [main] Content length: -1
3-30 0:38:29:0 [main] Content length: 509
3-30 0:38:29:0 [main] request: {
    "type":2,
    "file":"posts.json",
    "action":1
}
@>>>@
{
    "title": "Corrected - SQLite - API",
    "dtPost": "09 March, 2018",
    "author": "unknown",
    "para":"The library helps serialize or deserialize a C++ class using SQLite in
3-30 0:38:29:0 [typeposts] New id generate:20190330003829

3-30 0:49:11:0 [main] Initialize Log
3-30 0:49:11:0 [main] Content length: -1
3-30 0:49:11:0 [main] Content length: 509
3-30 0:49:11:0 [main] request: {
    "type":2,
    "file":"posts.json",
    "action":1
}
@>>>@
{
    "title": "Corrected - SQLite - API",
    "dtPost": "09 March, 2018",
    "author": "unknown",
    "para":"The library helps serialize or deserialize a C++ class using SQLite in
3-30 0:49:11:0 [typeposts] New id generate:20190330004911

3-30 0:50:15:0 [main] Initialize Log
3-30 0:50:15:0 [main] Content length: -1
3-30 0:50:15:0 [main] Content length: 509
3-30 0:50:15:0 [main] request: {
    "type":2,
    "file":"posts.json",
    "action":1
}
@>>>@
{
    "title": "Corrected - SQLite - API",
    "dtPost": "09 March, 2018",
    "author": "unknown",
    "para":"The library helps serialize or deserialize a C++ class using SQLite in
3-30 0:50:15:0 [typeposts] New id generate:20190330005015

3-30 0:51:32:0 [main] Initialize Log
3-30 0:51:32:0 [main] Content length: -1
3-30 0:51:32:0 [main] Content length: 509
3-30 0:51:32:0 [main] request: {
    "type":2,
    "file":"posts.json",
    "action":1
}
@>>>@
{
    "title": "Corrected - SQLite - API",
    "dtPost": "09 March, 2018",
    "author": "unknown",
    "para":"The library helps serialize or deserialize a C++ class using SQLite in
3-30 0:51:32:0 [typeposts] New id generate:20190330005132

3-30 0:52:14:0 [main] Initialize Log
3-30 0:52:14:0 [main] Content length: -1
3-30 0:52:14:0 [main] Content length: 509
3-30 0:52:14:0 [main] request: {
    "type":2,
    "file":"posts.json",
    "action":1
}
@>>>@
{
    "title": "Corrected - SQLite - API",
    "dtPost": "09 March, 2018",
    "author": "unknown",
    "para":"The library helps serialize or deserialize a C++ class using SQLite in
3-30 0:52:14:0 [typeposts] New id generate:20190330005214

3-30 0:52:46:0 [main] Initialize Log
3-30 0:52:46:0 [main] Content length: -1
3-30 0:52:46:0 [main] Content length: 34
3-30 0:52:46:0 [main] request: {"type":2,"action":0,"max":3}@>>>@
3-30 0:52:46:2 [request] basic_string::_M_create

3-30 0:52:54:0 [main] Initialize Log
3-30 0:52:54:0 [main] Content length: -1
3-30 0:52:54:0 [main] Content length: 509
3-30 0:52:54:0 [main] request: {
    "type":2,
    "file":"posts.json",
    "action":1
}
@>>>@
{
    "title": "Corrected - SQLite - API",
    "dtPost": "09 March, 2018",
    "author": "unknown",
    "para":"The library helps serialize or deserialize a C++ class using SQLite in
3-30 0:52:54:0 [typeposts] New id generate:20190330005254

3-30 0:52:57:0 [main] Initialize Log
3-30 0:52:57:0 [main] Content length: -1
3-30 0:52:57:0 [main] Content length: 509
3-30 0:52:57:0 [main] request: {
    "type":2,
    "file":"posts.json",
    "action":1
}
@>>>@
{
    "title": "Corrected - SQLite - API",
    "dtPost": "09 March, 2018",
    "author": "unknown",
    "para":"The library helps serialize or deserialize a C++ class using SQLite in
3-30 0:52:57:0 [typeposts] New id generate:20190330005257

3-30 0:52:59:0 [main] Initialize Log
3-30 0:52:59:0 [main] Content length: -1
3-30 0:52:59:0 [main] Content length: 509
3-30 0:52:59:0 [main] request: {
    "type":2,
    "file":"posts.json",
    "action":1
}
@>>>@
{
    "title": "Corrected - SQLite - API",
    "dtPost": "09 March, 2018",
    "author": "unknown",
    "para":"The library helps serialize or deserialize a C++ class using SQLite in
3-30 0:52:59:0 [typeposts] New id generate:20190330005259

3-30 0:53:5:0 [main] Initialize Log
3-30 0:53:5:0 [main] Content length: -1
3-30 0:53:5:0 [main] Content length: 34
3-30 0:53:5:0 [main] request: {"type":2,"action":0,"max":3}@>>>@
3-30 0:53:5:2 [request] basic_string::_M_create
