
4-1 7:52:35:0 [main] Initialize Log
4-1 7:52:35:0 [main] Content length: -1
4-1 7:52:35:0 [main] Content length: 34
4-1 7:52:35:0 [main] request: {"type":2,"action":0,"max":3}@>>>@
4-1 7:52:35:2 [request] basic_string::_M_create
4-1 7:52:35:0 [request] Executing Posts action

4-1 7:52:36:0 [main] Initialize Log
4-1 7:52:36:0 [main] Content length: -1
4-1 7:52:36:0 [main] Content length: 34
4-1 7:52:36:0 [main] request: {"type":2,"action":0,"max":3}@>>>@
4-1 7:52:36:2 [request] basic_string::_M_create
4-1 7:52:36:0 [request] Executing Posts action

4-1 7:53:7:0 [main] Initialize Log
4-1 7:53:7:0 [main] Content length: -1
4-1 7:53:7:0 [main] Content length: 34
4-1 7:53:7:0 [main] request: {"type":2,"action":0,"max":3}@>>>@
4-1 7:53:7:2 [request] basic_string::_M_create
4-1 7:53:7:0 [request] Executing Posts action

4-1 7:53:7:0 [main] Initialize Log
4-1 7:53:7:0 [main] Content length: -1
4-1 7:53:7:0 [main] Content length: 34
4-1 7:53:7:0 [main] request: {"type":2,"action":0,"max":3}@>>>@
4-1 7:53:7:2 [request] basic_string::_M_create
4-1 7:53:7:0 [request] Executing Posts action

4-1 7:53:31:0 [main] Initialize Log
4-1 7:53:31:0 [main] Content length: -1
4-1 7:53:31:0 [main] Content length: 34
4-1 7:53:31:0 [main] request: {"type":2,"action":0,"max":3}@>>>@
4-1 7:53:31:2 [request] basic_string::_M_create
4-1 7:53:31:0 [request] Executing Posts action

4-1 7:53:32:0 [main] Initialize Log
4-1 7:53:32:0 [main] Content length: -1
4-1 7:53:32:0 [main] Content length: 34
4-1 7:53:32:0 [main] request: {"type":2,"action":0,"max":3}@>>>@
4-1 7:53:32:2 [request] basic_string::_M_create
4-1 7:53:32:0 [request] Executing Posts action

4-1 7:54:21:0 [main] Initialize Log
4-1 7:54:21:0 [main] Content length: -1
4-1 7:54:21:0 [main] Content length: 34
4-1 7:54:21:0 [main] request: {"type":2,"action":0,"max":3}@>>>@
4-1 7:54:21:2 [request] basic_string::_M_create
4-1 7:54:21:0 [request] Executing Posts action

4-1 7:54:22:0 [main] Initialize Log
4-1 7:54:22:0 [main] Content length: -1
4-1 7:54:22:0 [main] Content length: 34
4-1 7:54:22:0 [main] request: {"type":2,"action":0,"max":3}@>>>@
4-1 7:54:22:2 [request] basic_string::_M_create
4-1 7:54:22:0 [request] Executing Posts action

4-1 7:56:23:0 [main] Initialize Log
4-1 7:56:23:0 [main] Content length: -1
4-1 7:56:23:0 [main] Content length: 34
4-1 7:56:23:0 [main] request: {"type":2,"action":0,"max":3}@>>>@
4-1 7:56:23:2 [request] basic_string::_M_create
4-1 7:56:23:0 [request] Executing Posts action

4-1 7:56:24:0 [main] Initialize Log
4-1 7:56:24:0 [main] Content length: -1
4-1 7:56:24:0 [main] Content length: 34
4-1 7:56:24:0 [main] request: {"type":2,"action":0,"max":3}@>>>@
4-1 7:56:24:2 [request] basic_string::_M_create
4-1 7:56:24:0 [request] Executing Posts action

4-1 7:56:38:0 [main] Initialize Log
4-1 7:56:38:0 [main] Content length: -1
4-1 7:56:38:0 [main] Content length: 34
4-1 7:56:38:0 [main] request: {"type":2,"action":0,"max":3}@>>>@
4-1 7:56:38:2 [request] basic_string::_M_create
4-1 7:56:38:0 [request] Executing Posts action

4-1 7:56:39:0 [main] Initialize Log
4-1 7:56:39:0 [main] Content length: -1
4-1 7:56:39:0 [main] Content length: 34
4-1 7:56:39:0 [main] request: {"type":2,"action":0,"max":3}@>>>@
4-1 7:56:39:2 [request] basic_string::_M_create
4-1 7:56:39:0 [request] Executing Posts action

4-1 7:56:47:0 [main] Initialize Log
4-1 7:56:47:0 [main] Content length: -1
4-1 7:56:47:0 [main] Content length: 34
4-1 7:56:47:0 [main] request: {"type":2,"action":0,"max":3}@>>>@
4-1 7:56:47:2 [request] basic_string::_M_create
4-1 7:56:47:0 [request] Executing Posts action

4-1 7:56:48:0 [main] Initialize Log
4-1 7:56:48:0 [main] Content length: -1
4-1 7:56:48:0 [main] Content length: 34
4-1 7:56:48:0 [main] request: {"type":2,"action":0,"max":3}@>>>@
4-1 7:56:48:2 [request] basic_string::_M_create
4-1 7:56:48:0 [request] Executing Posts action
