
3-30 17:17:42:0 [main] Initialize Log
3-30 17:17:42:0 [main] Content length: -1
3-30 17:17:42:0 [main] Content length: 150
3-30 17:17:42:0 [main] request: {
    "type":3,
    "action":2
}
@>>>@
{
    "url": "http://drake.in/blog/20190330010039.html",
    "postId": "20190330010039",
    "comments":[]
}   

3-30 17:20:42:0 [main] Initialize Log
3-30 17:20:42:0 [main] Content length: -1
3-30 17:20:42:0 [main] Content length: 150
3-30 17:20:42:0 [main] request: {
    "type":3,
    "action":2
}
@>>>@
{
    "url": "http://drake.in/blog/20190330010039.html",
    "postId": "20190330010039",
    "comments":[]
}   
3-30 17:20:42:0 [request] Executing BlogPost action

3-30 17:22:46:0 [main] Initialize Log
3-30 17:22:46:0 [main] Content length: -1
3-30 17:22:46:0 [main] Content length: 155
3-30 17:22:46:0 [main] request: {
    "type":3,
    "action":1,
    "id":"20190330010039"
}
@>>>@
{
    "name": "Manish",
    "email": "manish@drake.in",
    "comment":"Nice article"
}   
3-30 17:22:46:0 [request] Executing BlogPost action
3-30 17:22:46:0 [blogpost] postId: 20190330010039
3-30 17:22:46:0 [blogpost] name: Manish

3-30 17:23:24:0 [main] Initialize Log
3-30 17:23:24:0 [main] Content length: -1
3-30 17:23:24:0 [main] Content length: 155
3-30 17:23:24:0 [main] request: {
    "type":3,
    "action":1,
    "id":"20190330010039"
}
@>>>@
{
    "name": "Manish",
    "email": "manish@drake.in",
    "comment":"Nice article"
}   
3-30 17:23:24:0 [request] Executing BlogPost action
3-30 17:23:24:0 [blogpost] postId: 20190330010039
3-30 17:23:24:0 [blogpost] name: Manish
3-30 17:23:24:0 [blogpost] email: manish@drake.in

3-30 17:24:29:0 [main] Initialize Log
3-30 17:24:29:0 [main] Content length: -1
3-30 17:24:29:0 [main] Content length: 155
3-30 17:24:29:0 [main] request: {
    "type":3,
    "action":0,
    "id":"20190330010039"
}
@>>>@
{
    "name": "Manish",
    "email": "manish@drake.in",
    "comment":"Nice article"
}   
3-30 17:24:29:0 [request] Executing BlogPost action
